[2026-05-26T09:58:21.420Z] GET http://localhost:5180/ → 200 (20ms, 551B)
[2026-05-26T09:58:21.462Z] GET http://localhost:5180/@vite/client → 200 (21ms, 182844B)
[2026-05-26T09:58:21.463Z] GET http://localhost:5180/src/main.tsx?t=1779775466427 → 200 (14ms, 1905B)
[2026-05-26T09:58:21.474Z] GET http://localhost:5180/@react-refresh → 200 (23ms, 113132B)
[2026-05-26T09:58:21.486Z] GET http://localhost:5180/node_modules/.vite/deps/react_jsx-dev-runtime.js?v=8649d818 → 200 (3ms, 12634B)
[2026-05-26T09:58:21.486Z] GET http://localhost:5180/node_modules/.vite/deps/react.js?v=8649d818 → 200 (4ms, 1024B)
[2026-05-26T09:58:21.487Z] GET http://localhost:5180/node_modules/.vite/deps/react-dom_client.js?v=6b3227a5 → 200 (49ms, 1005947B)
[2026-05-26T09:58:21.487Z] GET http://localhost:5180/src/App.tsx?t=1779775466427 → 200 (12ms, 9571B)
[2026-05-26T09:58:21.487Z] GET http://localhost:5180/src/index.css?t=1779775466427 → 200 (12ms, 27976B)
[2026-05-26T09:58:21.487Z] GET http://localhost:5180/node_modules/.pnpm/vite@6.4.2_jiti@2.7.0_lightningcss@1.32.0/node_modules/vite/dist/client/env.mjs → 200 (14ms, 3861B)
[2026-05-26T09:58:21.490Z] GET http://localhost:5180/node_modules/.vite/deps/chunk-HLBXTYQI.js?v=a343c578 → 200 (46ms, 45791B)
[2026-05-26T09:58:21.490Z] GET http://localhost:5180/node_modules/.vite/deps/chunk-DC5AMYBS.js?v=a343c578 → 200 (44ms, 9510B)
[2026-05-26T09:58:21.501Z] GET http://localhost:5180/src/hooks/useConversations.ts → 200 (33ms, 11809B)
[2026-05-26T09:58:21.501Z] GET http://localhost:5180/src/hooks/useWebSocket.ts → 200 (34ms, 7714B)
[2026-05-26T09:58:21.501Z] GET http://localhost:5180/src/components/ConversationList.tsx?t=1779773157243 → 200 (34ms, 22839B)
[2026-05-26T09:58:21.501Z] GET http://localhost:5180/src/components/ChatWindow.tsx?t=1779775466427 → 200 (35ms, 40581B)
[2026-05-26T09:58:21.537Z] GET http://localhost:5180/src/components/MessageBubble.tsx?t=1779774718550 → 200 (29ms, 27921B)
[2026-05-26T09:58:21.537Z] GET http://localhost:5180/src/components/ChatInput.tsx?t=1779772126672 → 200 (28ms, 10720B)
[2026-05-26T09:58:21.537Z] GET http://localhost:5180/node_modules/.vite/deps/chunk-RV4SLP3B.js?v=a343c578 → 200 (29ms, 16729B)
[2026-05-26T09:58:21.568Z] GET http://localhost:5180/node_modules/.vite/deps/react-markdown.js?v=bb9036fe → 200 (23ms, 350533B)
[2026-05-26T09:58:21.568Z] GET http://localhost:5180/node_modules/.vite/deps/rehype-highlight.js?v=695b4791 → 200 (55ms, 1428985B)
[2026-05-26T09:58:21.592Z] GET http://localhost:5180/node_modules/.vite/deps/chunk-N6SY7ZVD.js?v=a343c578 → 200 (1ms, 12982B)
[2026-05-26T09:58:21.592Z] GET http://localhost:5180/node_modules/.vite/deps/chunk-SDFW6R6U.js?v=a343c578 → 200 (1ms, 7978B)
[2026-05-26T09:59:15.285Z] GET http://localhost:5180/src/components/ConversationList.tsx?t=1779789555280 → 200 (30ms, 22841B)
[2026-05-26T09:59:15.285Z] GET http://localhost:5180/src/index.css?t=1779789555280 → 200 (28ms, 28087B)
[2026-05-26T09:59:22.787Z] GET http://localhost:5180/src/components/ConversationList.tsx?t=1779789562785 → 200 (25ms, 22847B)
[2026-05-26T09:59:22.787Z] GET http://localhost:5180/src/index.css?t=1779789562785 → 200 (23ms, 28146B)
[2026-05-26T09:59:35.555Z] GET http://localhost:5180/ → 200 (40ms, 766B)
[2026-05-26T09:59:35.599Z] GET http://localhost:5180/@vite/client → 200 (30ms, 182844B)
[2026-05-26T09:59:35.600Z] GET https://api.fontshare.com/v2/css?f[]=satoshi@700,500,400&display=swap → pending (?ms, ?B)
[2026-05-26T09:59:35.600Z] GET https://fonts.googleapis.com/css2?family=DM+Sans:wght@400;500;700&display=swap → 200 (269ms, 2613B)
[2026-05-26T09:59:35.600Z] GET http://localhost:5180/src/main.tsx?t=1779789575483 → 200 (10ms, 1905B)
[2026-05-26T09:59:35.602Z] GET http://localhost:5180/@react-refresh → 200 (27ms, 113132B)
[2026-05-26T09:59:35.621Z] GET http://localhost:5180/node_modules/.vite/deps/react_jsx-dev-runtime.js?v=8649d818 → 200 (?ms, 12634B)
[2026-05-26T09:59:35.621Z] GET http://localhost:5180/node_modules/.vite/deps/react.js?v=8649d818 → 200 (5ms, 1024B)
[2026-05-26T09:59:35.626Z] GET http://localhost:5180/node_modules/.vite/deps/react-dom_client.js?v=6b3227a5 → 200 (?ms, 1005947B)
[2026-05-26T09:59:35.626Z] GET http://localhost:5180/src/App.tsx?t=1779789562785 → 200 (4ms, 9571B)
[2026-05-26T09:59:35.626Z] GET http://localhost:5180/src/index.css?t=1779789575483 → 200 (4ms, 28146B)
[2026-05-26T09:59:35.626Z] GET http://localhost:5180/node_modules/.vite/deps/chunk-HLBXTYQI.js?v=a343c578 → 200 (?ms, 45791B)
[2026-05-26T09:59:35.628Z] GET http://localhost:5180/node_modules/.vite/deps/chunk-DC5AMYBS.js?v=a343c578 → 200 (?ms, 9510B)
[2026-05-26T09:59:35.628Z] GET http://localhost:5180/node_modules/.vite/deps/chunk-RV4SLP3B.js?v=a343c578 → 200 (?ms, 16729B)
[2026-05-26T09:59:35.630Z] GET http://localhost:5180/node_modules/.pnpm/vite@6.4.2_jiti@2.7.0_lightningcss@1.32.0/node_modules/vite/dist/client/env.mjs → 200 (?ms, 3861B)
[2026-05-26T09:59:35.630Z] GET http://localhost:5180/src/hooks/useConversations.ts → 200 (7ms, 11809B)
[2026-05-26T09:59:35.630Z] GET http://localhost:5180/src/hooks/useWebSocket.ts → 200 (8ms, 7714B)
[2026-05-26T09:59:35.630Z] GET http://localhost:5180/src/components/ConversationList.tsx?t=1779789562785 → 304 (7ms, ?B)
[2026-05-26T09:59:35.630Z] GET http://localhost:5180/src/components/ChatWindow.tsx?t=1779775466427 → 200 (8ms, 40581B)
[2026-05-26T09:59:35.638Z] GET http://localhost:5180/src/components/MessageBubble.tsx?t=1779774718550 → 200 (3ms, 27921B)
[2026-05-26T09:59:35.638Z] GET http://localhost:5180/src/components/ChatInput.tsx?t=1779772126672 → 200 (4ms, 10720B)
[2026-05-26T09:59:35.642Z] GET http://localhost:5180/node_modules/.vite/deps/react-markdown.js?v=bb9036fe → 200 (?ms, 350533B)
[2026-05-26T09:59:35.642Z] GET http://localhost:5180/node_modules/.vite/deps/rehype-highlight.js?v=695b4791 → 200 (?ms, 1428985B)
[2026-05-26T09:59:35.642Z] GET http://localhost:5180/node_modules/.vite/deps/chunk-N6SY7ZVD.js?v=a343c578 → 200 (?ms, 12982B)
[2026-05-26T09:59:35.643Z] GET http://localhost:5180/node_modules/.vite/deps/chunk-SDFW6R6U.js?v=a343c578 → 200 (?ms, 7978B)
[2026-05-26T09:59:48.342Z] GET http://localhost:5180/src/index.css?t=1779789588339 → 200 (31ms, 28221B)
[2026-05-26T09:59:48.406Z] GET https://cdn.fontshare.com/wf/LAFFD4SDUCDVQEXFPDC7C53EQ4ZELWQI/PXCT3G6LO6ICM5I3NTYENYPWJAECAWDD/GHM6WVH6MILNYOOCXHXB5GTSGNTMGXZR.woff2 → pending (?ms, ?B)
[2026-05-26T09:59:48.406Z] GET https://fonts.gstatic.com/s/dmsans/v17/rP2Yp2ywxg089UriI5-g4vlH9VoD8Cmcqbu0-K4.woff2 → 200 (304ms, 36932B)
[2026-05-26T10:00:05.376Z] GET http://localhost:5180/@fs/E:/workspace/program/ai-chat/ui/src/components/ChatInput.tsx?t=1779789605373 → 200 (25ms, 10840B)
[2026-05-26T10:00:05.376Z] GET http://localhost:5180/src/index.css?t=1779789605373 → 200 (21ms, 28221B)
